undefined
2023-01-06 20:15:46:1546 [35mhttp[39m: [35mServer listening on port 3000[39m
2023-01-07 12:24:32:2432 [35mhttp[39m: [35mServer listening on port 3000[39m
2023-01-07 12:24:56:2456 [35mhttp[39m: [35mServer listening on port 3000[39m
2023-01-07 12:25:35:2535 [35mhttp[39m: [35mServer listening on port 3000[39m
2023-01-07 12:26:43:2643 [35mhttp[39m: [35mServer listening on port 3000[39m
2023-01-07 12:27:22:2722 [35mhttp[39m: [35mServer listening on port 3000[39m
2023-01-07 12:28:28:2828 [35mhttp[39m: [35mServer listening on port 3000[39m
2023-01-07 12:31:09:319 [35mhttp[39m: [35mServer listening on port 3000[39m
2023-01-07 12:33:15:3315 [35mhttp[39m: [35mServer listening on port 3000[39m
2023-01-07 12:33:27:3327 [35mhttp[39m: [35mServer listening on port 3000[39m
2023-01-07 12:33:45:3345 [35mhttp[39m: [35mServer listening on port 3000[39m
2023-01-07 12:35:07:357 [35mhttp[39m: [35mServer listening on port 3000[39m
2023-01-07 12:35:51:3551 [35mhttp[39m: [35mServer listening on port 3000[39m
2023-01-07 12:37:05:375 [35mhttp[39m: [35mServer listening on port 3000[39m
2023-01-07 12:37:15:3715 [35mhttp[39m: [35mServer listening on port 3000[39m
2023-01-07 12:37:32:3732 [35mhttp[39m: [35mServer listening on port 3000[39m
2023-01-07 12:39:30:3930 [35mhttp[39m: [35mServer listening on port 3000[39m
2023-01-07 12:41:09:419 [35mhttp[39m: [35mServer listening on port 3000[39m
2023-01-07 12:41:19:4119 [35mhttp[39m: [35mServer listening on port 3000[39m
2023-01-07 12:44:58:4458 [35mhttp[39m: [35mServer listening on port 3000[39m
2023-01-07 12:45:33:4533 [35mhttp[39m: [35mServer listening on port 3000[39m
2023-01-07 12:46:02:462 [35mhttp[39m: [35mServer listening on port 3000[39m
2023-01-07 12:46:40:4640 [35mhttp[39m: [35mServer listening on port 3000[39m
2023-01-07 14:57:47:5747 [35mhttp[39m: [35mServer listening on port 3000[39m
2023-01-07 14:59:53:5953 [35mhttp[39m: [35mServer listening on port 3000[39m
2023-01-07 15:01:34:134 [35mhttp[39m: [35mServer listening on port 3000[39m
2023-01-07 15:02:38:238 [35mhttp[39m: [35mServer listening on port 3000[39m
2023-01-07 15:05:50:550 [35mhttp[39m: [35mServer listening on port 3000[39m
2023-01-07 15:13:39:1339 [35mhttp[39m: [35mServer listening on port 3000[39m
2023-01-07 15:15:49:1549 [35mhttp[39m: [35mServer listening on port 3000[39m
2023-01-07 15:22:04:224 [35mhttp[39m: [35mServer listening on port 3000[39m
2023-01-07 15:23:43:2343 [35mhttp[39m: [35mServer listening on port 3000[39m
2023-01-07 15:23:51:2351 [35mhttp[39m: [35mServer listening on port 3000[39m
2023-01-07 15:24:05:245 [35mhttp[39m: [35mServer listening on port 3000[39m
2023-01-07 15:24:12:2412 [35mhttp[39m: [35mServer listening on port 3000[39m
2023-01-07 15:24:27:2427 [35mhttp[39m: [35mServer listening on port 3000[39m
2023-01-07 15:24:32:2432 [35mhttp[39m: [35mServer listening on port 3000[39m
2023-01-07 15:26:23:2623 [35mhttp[39m: [35mServer listening on port 3000[39m
2023-01-07 15:33:16:3316 [35mhttp[39m: [35mServer listening on port 3000[39m
2023-01-07 15:33:25:3325 [35mhttp[39m: [35mServer listening on port 3000[39m
2023-01-07 15:33:38:3338 [35mhttp[39m: [35mServer listening on port 3000[39m
2023-01-07 15:35:57:3557 [35mhttp[39m: [35mServer listening on port 3000[39m
2023-01-07 15:36:43:3643 [35mhttp[39m: [35mServer listening on port 3000[39m
2023-01-07 15:36:45:3645 [31merror[39m: [31mMongodb :: connectedMongoServerError: bad auth : Authentication failed.[39m
2023-01-07 15:38:15:3815 [35mhttp[39m: [35mServer listening on port 3000[39m
2023-01-07 15:38:17:3817 [31merror[39m: [31mMongodb :: connectedMongoServerError: bad auth : Authentication failed.[39m
2023-01-07 15:40:43:4043 [35mhttp[39m: [35mServer listening on port 3000[39m
2023-01-07 15:40:45:4045 [31merror[39m: [31mMongodb :: connectedMongoServerError: bad auth : Authentication failed.[39m
2023-01-07 15:49:11:4911 [35mhttp[39m: [35mServer listening on port 3000[39m
2023-01-07 15:49:15:4915 [31merror[39m: [31mMongodb :: connectedMongoError: bad auth : Authentication failed.[39m
2023-01-07 15:50:17:5017 [35mhttp[39m: [35mServer listening on port 3000[39m
2023-01-07 15:50:19:5019 [31merror[39m: [31mMongodb :: connectedMongoError: bad auth : Authentication failed.[39m
2023-01-07 15:52:58:5258 [35mhttp[39m: [35mServer listening on port 3000[39m
2023-01-07 15:53:01:531 [31merror[39m: [31mMongodb :: connectedMongoServerError: bad auth : Authentication failed.[39m
2023-01-07 16:00:39:039 [35mhttp[39m: [35mServer listening on port 3000[39m
2023-01-07 16:00:41:041 [31merror[39m: [31mMongodb :: connectedMongoServerError: bad auth : Authentication failed.[39m
2023-01-07 16:02:24:224 [35mhttp[39m: [35mServer listening on port 3000[39m
2023-01-07 16:02:26:226 [31merror[39m: [31mMongodb :: connectedMongoServerError: bad auth : Authentication failed.[39m
2023-01-07 16:03:09:39 [35mhttp[39m: [35mServer listening on port 3000[39m
2023-01-07 16:03:11:311 [31merror[39m: [31mMongodb :: connectedMongoServerError: bad auth : Authentication failed.[39m
2023-01-07 16:08:42:842 [35mhttp[39m: [35mServer listening on port 3000[39m
2023-01-07 16:08:45:845 [31merror[39m: [31mMongodb :: connectedMongoServerError: bad auth : Authentication failed.[39m
2023-01-07 16:09:43:943 [35mhttp[39m: [35mServer listening on port 3000[39m
2023-01-07 16:09:44:944 [32minfo[39m: [32mdatabase connected[39m
2023-01-07 16:10:36:1036 [35mhttp[39m: [35mServer listening on port 3000[39m
2023-01-07 16:10:37:1037 [32minfo[39m: [32mdatabase connected[39m
2023-01-07 20:13:42:1342 [35mhttp[39m: [35mServer listening on port 3000[39m
2023-01-07 20:13:45:1345 [32minfo[39m: [32mdatabase connected[39m
2023-01-07 20:22:28:2228 [35mhttp[39m: [35mServer listening on port 3000[39m
2023-01-07 20:22:43:2243 [35mhttp[39m: [35mServer listening on port 3000[39m
2023-01-07 20:22:45:2245 [32minfo[39m: [32mdatabase connected[39m
2023-01-07 20:22:59:2259 [35mhttp[39m: [35mServer listening on port 3000[39m
2023-01-07 20:23:03:233 [32minfo[39m: [32mdatabase connected[39m
2023-01-07 20:23:33:2333 [35mhttp[39m: [35mServer listening on port 3000[39m
2023-01-07 20:23:35:2335 [32minfo[39m: [32mdatabase connected[39m
2023-01-07 20:28:46:2846 [35mhttp[39m: [35mServer listening on port 3000[39m
2023-01-07 20:29:16:2916 [35mhttp[39m: [35mServer listening on port 3000[39m
2023-01-07 20:29:17:2917 [32minfo[39m: [32mdatabase connected[39m
2023-01-07 20:30:15:3015 [35mhttp[39m: [35mServer listening on port 3000[39m
2023-01-07 20:30:31:3031 [35mhttp[39m: [35mServer listening on port 3000[39m
2023-01-07 20:30:33:3033 [32minfo[39m: [32mdatabase connected[39m
2023-01-07 20:30:47:3047 [35mhttp[39m: [35mServer listening on port 3000[39m
2023-01-07 20:30:49:3049 [32minfo[39m: [32mdatabase connected[39m
2023-01-07 20:30:55:3055 [35mhttp[39m: [35mServer listening on port 3000[39m
2023-01-07 20:30:57:3057 [32minfo[39m: [32mdatabase connected[39m
2023-01-07 20:31:05:315 [35mhttp[39m: [35mServer listening on port 3000[39m
2023-01-07 20:31:08:318 [32minfo[39m: [32mdatabase connected[39m
2023-01-07 20:31:29:3129 [35mhttp[39m: [35mServer listening on port 3000[39m
2023-01-07 20:31:30:3130 [32minfo[39m: [32mdatabase connected[39m
2023-01-07 20:31:39:3139 [35mhttp[39m: [35mServer listening on port 3000[39m
2023-01-07 20:31:43:3143 [32minfo[39m: [32mdatabase connected[39m
2023-01-07 20:32:36:3236 [35mhttp[39m: [35mServer listening on port 3000[39m
2023-01-07 20:32:47:3247 [35mhttp[39m: [35mServer listening on port 3000[39m
2023-01-07 20:32:50:3250 [32minfo[39m: [32mdatabase connected[39m
2023-01-07 20:33:01:331 [35mhttp[39m: [35mServer listening on port 3000[39m
2023-01-07 20:33:04:334 [32minfo[39m: [32mdatabase connected[39m
2023-01-07 20:33:40:3340 [35mhttp[39m: [35mServer listening on port 3000[39m
2023-01-07 20:33:55:3355 [35mhttp[39m: [35mServer listening on port 3000[39m
2023-01-07 20:33:57:3357 [32minfo[39m: [32mdatabase connected[39m
2023-01-07 20:35:11:3511 [35mhttp[39m: [35mServer listening on port 3000[39m
2023-01-07 20:35:14:3514 [32minfo[39m: [32mdatabase connected[39m
2023-01-07 20:40:24:4024 [35mhttp[39m: [35mServer listening on port 3000[39m
2023-01-07 20:40:30:4030 [32minfo[39m: [32mdatabase connected[39m
2023-01-07 20:42:29:4229 [35mhttp[39m: [35mServer listening on port 3000[39m
2023-01-07 20:42:31:4231 [32minfo[39m: [32mdatabase connected[39m
2023-01-07 20:42:51:4251 [35mhttp[39m: [35mServer listening on port 3000[39m
2023-01-07 20:42:55:4255 [32minfo[39m: [32mdatabase connected[39m
2023-01-07 20:44:01:441 [35mhttp[39m: [35mServer listening on port 3000[39m
2023-01-07 20:44:03:443 [32minfo[39m: [32mdatabase connected[39m
2023-01-07 20:44:25:4425 [35mhttp[39m: [35mServer listening on port 3000[39m
2023-01-07 20:44:32:4432 [32minfo[39m: [32mdatabase connected[39m
2023-01-07 20:45:52:4552 [35mhttp[39m: [35mServer listening on port 3000[39m
2023-01-07 20:45:54:4554 [32minfo[39m: [32mdatabase connected[39m
2023-01-07 20:46:11:4611 [35mhttp[39m: [35mServer listening on port 3000[39m
2023-01-07 20:46:13:4613 [32minfo[39m: [32mdatabase connected[39m
2023-01-07 21:07:49:749 [35mhttp[39m: [35mServer listening on port 3000[39m
2023-01-07 21:07:50:750 [32minfo[39m: [32mdatabase connected[39m
2023-01-07 21:08:38:838 [35mhttp[39m: [35mServer listening on port 3000[39m
2023-01-07 21:08:40:840 [32minfo[39m: [32mdatabase connected[39m
2023-01-07 21:30:01:301 [35mhttp[39m: [35mServer listening on port 3000[39m
2023-01-07 21:30:07:307 [32minfo[39m: [32mdatabase connected[39m
2023-01-08 16:46:57:4657 [35mhttp[39m: [35mServer listening on port 3000[39m
2023-01-08 16:46:59:4659 [32minfo[39m: [32mdatabase connected[39m
2023-01-08 16:47:49:4749 [35mhttp[39m: [35mServer listening on port 3000[39m
2023-01-08 16:47:51:4751 [32minfo[39m: [32mdatabase connected[39m
2023-01-08 16:50:16:5016 [35mhttp[39m: [35mServer listening on port 3000[39m
2023-01-08 16:50:17:5017 [32minfo[39m: [32mdatabase connected[39m
2023-01-08 17:09:51:951 [35mhttp[39m: [35mServer listening on port 3000[39m
2023-01-08 17:09:52:952 [32minfo[39m: [32mdatabase connected[39m
2023-01-08 17:11:04:114 [35mhttp[39m: [35mServer listening on port 3000[39m
2023-01-08 17:11:05:115 [32minfo[39m: [32mdatabase connected[39m
2023-01-08 19:34:36:3436 [35mhttp[39m: [35mServer listening on port 3000[39m
2023-01-08 19:34:37:3437 [32minfo[39m: [32mdatabase connected[39m
2023-01-08 19:35:17:3517 [35mhttp[39m: [35mServer listening on port 3000[39m
2023-01-08 19:35:19:3519 [32minfo[39m: [32mdatabase connected[39m
2023-01-08 19:36:42:3642 [35mhttp[39m: [35mServer listening on port 3000[39m
2023-01-08 19:36:45:3645 [32minfo[39m: [32mdatabase connected[39m
2023-01-08 19:38:21:3821 [35mhttp[39m: [35mServer listening on port 3000[39m
2023-01-08 19:38:22:3822 [32minfo[39m: [32mdatabase connected[39m
2023-01-09 11:40:35:4035 [35mhttp[39m: [35mServer listening on port 3000[39m
2023-01-09 11:40:36:4036 [32minfo[39m: [32mdatabase connected[39m
2023-01-09 11:46:43:4643 [35mhttp[39m: [35mServer listening on port 3000[39m
2023-01-09 11:46:45:4645 [32minfo[39m: [32mdatabase connected[39m
2023-01-09 11:47:27:4727 [35mhttp[39m: [35mServer listening on port 3000[39m
2023-01-09 11:47:27:4727 [32minfo[39m: [32mdatabase connected[39m
2023-01-09 11:51:14:5114 [35mhttp[39m: [35mServer listening on port 3000[39m
2023-01-09 11:51:15:5115 [32minfo[39m: [32mdatabase connected[39m
2023-01-09 11:51:42:5142 [35mhttp[39m: [35mServer listening on port 3000[39m
2023-01-09 11:51:43:5143 [32minfo[39m: [32mdatabase connected[39m
2023-01-09 12:10:04:104 [32minfo[39m: [32mdatabase connected[39m
2023-01-09 12:11:58:1158 [35mhttp[39m: [35mServer listening on port 3000[39m
2023-01-09 12:11:59:1159 [32minfo[39m: [32mdatabase connected[39m
2023-01-09 20:20:53:2053 [35mhttp[39m: [35mServer listening on port 3000[39m
2023-01-09 20:20:55:2055 [32minfo[39m: [32mdatabase connected[39m
2023-01-09 20:25:23:2523 [35mhttp[39m: [35mServer listening on port 3000[39m
2023-01-09 20:25:24:2524 [32minfo[39m: [32mdatabase connected[39m
2023-01-09 20:25:44:2544 [35mhttp[39m: [35mServer listening on port 3000[39m
2023-01-09 20:25:45:2545 [32minfo[39m: [32mdatabase connected[39m
2023-01-09 20:26:30:2630 [35mhttp[39m: [35mServer listening on port 3000[39m
2023-01-09 20:26:32:2632 [32minfo[39m: [32mdatabase connected[39m
2023-01-09 20:27:14:2714 [35mhttp[39m: [35mServer listening on port 3000[39m
2023-01-09 20:27:15:2715 [32minfo[39m: [32mdatabase connected[39m
2023-01-09 20:27:46:2746 [35mhttp[39m: [35mServer listening on port 3000[39m
2023-01-09 20:27:47:2747 [32minfo[39m: [32mdatabase connected[39m
2023-01-09 20:28:27:2827 [35mhttp[39m: [35mServer listening on port 3000[39m
2023-01-09 20:28:28:2828 [32minfo[39m: [32mdatabase connected[39m
2023-01-09 20:29:48:2948 [35mhttp[39m: [35mServer listening on port 3000[39m
2023-01-09 20:29:49:2949 [32minfo[39m: [32mdatabase connected[39m
2023-01-09 20:31:34:3134 [35mhttp[39m: [35mServer listening on port 3000[39m
2023-01-09 20:31:36:3136 [32minfo[39m: [32mdatabase connected[39m
2023-01-09 20:32:25:3225 [35mhttp[39m: [35mServer listening on port 3000[39m
2023-01-09 20:32:28:3228 [32minfo[39m: [32mdatabase connected[39m
2023-01-09 20:35:04:354 [35mhttp[39m: [35mServer listening on port 3000[39m
2023-01-09 20:35:16:3516 [35mhttp[39m: [35mServer listening on port 3000[39m
2023-01-09 20:35:18:3518 [32minfo[39m: [32mdatabase connected[39m
2023-01-09 20:37:00:370 [35mhttp[39m: [35mServer listening on port 3000[39m
2023-01-09 20:37:03:373 [32minfo[39m: [32mdatabase connected[39m
2023-01-09 20:38:38:3838 [35mhttp[39m: [35mServer listening on port 3000[39m
2023-01-09 20:38:40:3840 [32minfo[39m: [32mdatabase connected[39m
2023-01-09 20:39:00:390 [35mhttp[39m: [35mServer listening on port 3000[39m
2023-01-09 20:39:03:393 [32minfo[39m: [32mdatabase connected[39m
2023-01-09 20:39:57:3957 [35mhttp[39m: [35mServer listening on port 3000[39m
2023-01-09 20:39:58:3958 [32minfo[39m: [32mdatabase connected[39m
2023-01-09 20:40:56:4056 [35mhttp[39m: [35mServer listening on port 3000[39m
2023-01-09 20:40:57:4057 [32minfo[39m: [32mdatabase connected[39m
2023-01-09 20:41:32:4132 [35mhttp[39m: [35mServer listening on port 3000[39m
2023-01-09 20:41:33:4133 [32minfo[39m: [32mdatabase connected[39m
2023-01-09 20:41:51:4151 [35mhttp[39m: [35mServer listening on port 3000[39m
2023-01-09 20:41:53:4153 [32minfo[39m: [32mdatabase connected[39m
2023-01-09 20:43:43:4343 [35mhttp[39m: [35mServer listening on port 3000[39m
2023-01-09 20:43:44:4344 [32minfo[39m: [32mdatabase connected[39m
2023-01-09 20:44:28:4428 [35mhttp[39m: [35mServer listening on port 3000[39m
2023-01-09 20:44:30:4430 [32minfo[39m: [32mdatabase connected[39m
2023-01-09 20:45:13:4513 [35mhttp[39m: [35mServer listening on port 3000[39m
2023-01-09 20:45:14:4514 [32minfo[39m: [32mdatabase connected[39m
2023-01-09 20:45:43:4543 [35mhttp[39m: [35mServer listening on port 3000[39m
2023-01-09 20:45:44:4544 [32minfo[39m: [32mdatabase connected[39m
2023-01-09 20:46:10:4610 [35mhttp[39m: [35mServer listening on port 3000[39m
2023-01-09 20:46:37:4637 [32minfo[39m: [32mdatabase connected[39m
2023-01-09 20:49:14:4914 [35mhttp[39m: [35mServer listening on port 3000[39m
2023-01-09 20:49:16:4916 [32minfo[39m: [32mdatabase connected[39m
2023-01-09 20:49:31:4931 [35mhttp[39m: [35mServer listening on port 3000[39m
2023-01-09 20:49:32:4932 [32minfo[39m: [32mdatabase connected[39m
2023-01-09 20:50:07:507 [35mhttp[39m: [35mServer listening on port 3000[39m
2023-01-09 20:50:08:508 [32minfo[39m: [32mdatabase connected[39m
2023-01-09 20:50:33:5033 [35mhttp[39m: [35mServer listening on port 3000[39m
2023-01-09 20:50:34:5034 [32minfo[39m: [32mdatabase connected[39m
2023-01-09 20:50:49:5049 [35mhttp[39m: [35mServer listening on port 3000[39m
2023-01-09 20:50:50:5050 [32minfo[39m: [32mdatabase connected[39m
2023-01-09 20:51:31:5131 [35mhttp[39m: [35mServer listening on port 3000[39m
2023-01-09 20:51:38:5138 [32minfo[39m: [32mdatabase connected[39m
2023-01-09 20:51:50:5150 [35mhttp[39m: [35mServer listening on port 3000[39m
2023-01-09 20:51:51:5151 [32minfo[39m: [32mdatabase connected[39m
2023-01-09 20:52:09:529 [35mhttp[39m: [35mServer listening on port 3000[39m
2023-01-09 20:52:10:5210 [32minfo[39m: [32mdatabase connected[39m
2023-01-09 20:53:06:536 [35mhttp[39m: [35mServer listening on port 3000[39m
2023-01-09 20:53:09:539 [32minfo[39m: [32mdatabase connected[39m
2023-01-09 20:53:23:5323 [35mhttp[39m: [35mServer listening on port 3000[39m
2023-01-09 20:53:25:5325 [32minfo[39m: [32mdatabase connected[39m
2023-01-09 22:04:18:418 [35mhttp[39m: [35mServer listening on port 3000[39m
2023-01-09 22:04:19:419 [32minfo[39m: [32mdatabase connected[39m
2023-01-09 22:05:35:535 [35mhttp[39m: [35mServer listening on port 3000[39m
2023-01-09 22:05:37:537 [32minfo[39m: [32mdatabase connected[39m
2023-01-09 22:08:52:852 [35mhttp[39m: [35mServer listening on port 3000[39m
2023-01-09 22:08:54:854 [32minfo[39m: [32mdatabase connected[39m
2023-01-09 22:10:47:1047 [35mhttp[39m: [35mServer listening on port 3000[39m
2023-01-09 22:10:53:1053 [32minfo[39m: [32mdatabase connected[39m
2023-01-09 22:11:22:1122 [35mhttp[39m: [35mServer listening on port 3000[39m
2023-01-09 22:11:25:1125 [32minfo[39m: [32mdatabase connected[39m
2023-01-09 22:12:01:121 [35mhttp[39m: [35mServer listening on port 3000[39m
2023-01-09 22:12:03:123 [32minfo[39m: [32mdatabase connected[39m
2023-01-09 22:29:49:2949 [35mhttp[39m: [35mServer listening on port 3000[39m
2023-01-09 22:29:51:2951 [32minfo[39m: [32mdatabase connected[39m
2023-01-09 22:32:27:3227 [35mhttp[39m: [35mServer listening on port 3000[39m
2023-01-09 22:32:29:3229 [32minfo[39m: [32mdatabase connected[39m
2023-01-09 22:33:06:336 [35mhttp[39m: [35mServer listening on port 3000[39m
2023-01-09 22:33:08:338 [32minfo[39m: [32mdatabase connected[39m
2023-01-09 22:37:14:3714 [35mhttp[39m: [35mServer listening on port 3000[39m
2023-01-09 22:37:15:3715 [32minfo[39m: [32mdatabase connected[39m
2023-01-09 22:54:29:5429 [35mhttp[39m: [35mServer listening on port 3000[39m
2023-01-09 22:54:30:5430 [32minfo[39m: [32mdatabase connected[39m
2023-01-09 23:11:42:1142 [35mhttp[39m: [35mServer listening on port 3000[39m
2023-01-09 23:11:43:1143 [32minfo[39m: [32mdatabase connected[39m
2023-01-09 23:11:58:1158 [35mhttp[39m: [35mServer listening on port 3000[39m
2023-01-09 23:11:59:1159 [32minfo[39m: [32mdatabase connected[39m
2023-01-09 23:24:16:2416 [35mhttp[39m: [35mServer listening on port 3000[39m
2023-01-09 23:24:17:2417 [32minfo[39m: [32mdatabase connected[39m
2023-01-09 23:56:13:5613 [35mhttp[39m: [35mServer listening on port 3000[39m
2023-01-09 23:56:14:5614 [32minfo[39m: [32mdatabase connected[39m
2023-01-09 23:56:30:5630 [35mhttp[39m: [35mServer listening on port 3000[39m
2023-01-09 23:56:31:5631 [32minfo[39m: [32mdatabase connected[39m
2023-01-10 11:36:18:3618 [35mhttp[39m: [35mServer listening on port 3000[39m
2023-01-10 11:36:19:3619 [32minfo[39m: [32mdatabase connected[39m
2023-01-10 11:36:51:3651 [35mhttp[39m: [35mServer listening on port 3000[39m
2023-01-10 11:36:52:3652 [32minfo[39m: [32mdatabase connected[39m
2023-01-10 11:41:12:4112 [35mhttp[39m: [35mServer listening on port 3000[39m
2023-01-10 11:41:13:4113 [32minfo[39m: [32mdatabase connected[39m
2023-01-10 12:03:54:354 [35mhttp[39m: [35mServer listening on port 3000[39m
2023-01-10 12:03:55:355 [32minfo[39m: [32mdatabase connected[39m
2023-01-10 12:06:57:657 [35mhttp[39m: [35mServer listening on port 3000[39m
2023-01-10 12:06:58:658 [32minfo[39m: [32mdatabase connected[39m
2023-01-10 12:08:58:858 [35mhttp[39m: [35mServer listening on port 3000[39m
2023-01-10 12:08:59:859 [32minfo[39m: [32mdatabase connected[39m
2023-01-10 12:15:18:1518 [35mhttp[39m: [35mServer listening on port 3000[39m
2023-01-10 12:15:19:1519 [32minfo[39m: [32mdatabase connected[39m
2023-01-10 12:15:56:1556 [35mhttp[39m: [35mServer listening on port 3000[39m
2023-01-10 12:15:57:1557 [32minfo[39m: [32mdatabase connected[39m
2023-01-10 12:18:08:188 [35mhttp[39m: [35mServer listening on port 3000[39m
2023-01-10 12:18:09:189 [32minfo[39m: [32mdatabase connected[39m
2023-01-10 12:18:21:1821 [35mhttp[39m: [35mServer listening on port 3000[39m
2023-01-10 12:18:22:1822 [32minfo[39m: [32mdatabase connected[39m
2023-01-10 12:20:12:2012 [35mhttp[39m: [35mServer listening on port 3000[39m
2023-01-10 12:20:12:2012 [32minfo[39m: [32mdatabase connected[39m
2023-01-10 12:21:29:2129 [35mhttp[39m: [35mServer listening on port 3000[39m
2023-01-10 12:21:30:2130 [32minfo[39m: [32mdatabase connected[39m
2023-01-10 12:21:47:2147 [35mhttp[39m: [35mServer listening on port 3000[39m
2023-01-10 12:21:48:2148 [32minfo[39m: [32mdatabase connected[39m
2023-01-10 12:22:20:2220 [35mhttp[39m: [35mServer listening on port 3000[39m
2023-01-10 12:22:21:2221 [32minfo[39m: [32mdatabase connected[39m
2023-01-10 12:23:05:235 [35mhttp[39m: [35mServer listening on port 3000[39m
2023-01-10 12:23:06:236 [32minfo[39m: [32mdatabase connected[39m
2023-01-10 12:39:42:3942 [35mhttp[39m: [35mServer listening on port 3000[39m
2023-01-10 12:39:43:3943 [32minfo[39m: [32mdatabase connected[39m
2023-01-10 12:41:04:414 [35mhttp[39m: [35mServer listening on port 3000[39m
2023-01-10 12:41:05:415 [32minfo[39m: [32mdatabase connected[39m
2023-01-10 12:41:16:4116 [35mhttp[39m: [35mServer listening on port 3000[39m
2023-01-10 12:41:17:4117 [32minfo[39m: [32mdatabase connected[39m
2023-01-10 12:41:34:4134 [35mhttp[39m: [35mServer listening on port 3000[39m
2023-01-10 12:41:35:4135 [32minfo[39m: [32mdatabase connected[39m
2023-01-10 12:43:12:4312 [35mhttp[39m: [35mServer listening on port 3000[39m
2023-01-10 12:43:13:4313 [32minfo[39m: [32mdatabase connected[39m
2023-01-10 12:44:01:441 [35mhttp[39m: [35mServer listening on port 3000[39m
2023-01-10 12:44:02:442 [32minfo[39m: [32mdatabase connected[39m
2023-01-10 12:49:34:4934 [35mhttp[39m: [35mServer listening on port 3000[39m
2023-01-10 12:49:35:4935 [32minfo[39m: [32mdatabase connected[39m
2023-01-10 14:41:58:4158 [35mhttp[39m: [35mServer listening on port 3000[39m
2023-01-10 14:41:59:4159 [32minfo[39m: [32mdatabase connected[39m
2023-01-10 14:50:27:5027 [35mhttp[39m: [35mServer listening on port 3000[39m
2023-01-10 14:50:28:5028 [32minfo[39m: [32mdatabase connected[39m
2023-01-10 14:53:43:5343 [35mhttp[39m: [35mServer listening on port 3000[39m
2023-01-10 14:53:44:5344 [32minfo[39m: [32mdatabase connected[39m
2023-01-10 14:56:04:564 [35mhttp[39m: [35mServer listening on port 3000[39m
2023-01-10 14:56:05:565 [32minfo[39m: [32mdatabase connected[39m
2023-01-10 14:58:22:5822 [35mhttp[39m: [35mServer listening on port 3000[39m
2023-01-10 14:58:23:5823 [32minfo[39m: [32mdatabase connected[39m
2023-01-10 15:00:51:051 [35mhttp[39m: [35mServer listening on port 3000[39m
2023-01-10 15:00:52:052 [32minfo[39m: [32mdatabase connected[39m
2023-01-10 15:02:06:26 [35mhttp[39m: [35mServer listening on port 3000[39m
2023-01-10 15:02:07:27 [32minfo[39m: [32mdatabase connected[39m
2023-01-10 15:03:30:330 [35mhttp[39m: [35mServer listening on port 3000[39m
2023-01-10 15:03:31:331 [32minfo[39m: [32mdatabase connected[39m
2023-01-10 15:04:55:455 [35mhttp[39m: [35mServer listening on port 3000[39m
2023-01-10 15:04:55:455 [32minfo[39m: [32mdatabase connected[39m
2023-01-10 15:05:13:513 [35mhttp[39m: [35mServer listening on port 3000[39m
2023-01-10 15:05:14:514 [32minfo[39m: [32mdatabase connected[39m
2023-01-10 15:13:26:1326 [35mhttp[39m: [35mServer listening on port 3000[39m
2023-01-10 15:13:27:1327 [32minfo[39m: [32mdatabase connected[39m
2023-01-10 15:15:15:1515 [35mhttp[39m: [35mServer listening on port 3000[39m
2023-01-10 15:15:16:1516 [32minfo[39m: [32mdatabase connected[39m
2023-01-10 15:15:55:1555 [35mhttp[39m: [35mServer listening on port 3000[39m
2023-01-10 15:15:56:1556 [32minfo[39m: [32mdatabase connected[39m
2023-01-10 15:16:32:1632 [35mhttp[39m: [35mServer listening on port 3000[39m
2023-01-10 15:16:33:1633 [32minfo[39m: [32mdatabase connected[39m
2023-01-10 15:17:01:171 [35mhttp[39m: [35mServer listening on port 3000[39m
2023-01-10 15:17:02:172 [32minfo[39m: [32mdatabase connected[39m
2023-01-10 15:17:38:1738 [35mhttp[39m: [35mServer listening on port 3000[39m
2023-01-10 15:17:38:1738 [32minfo[39m: [32mdatabase connected[39m
2023-01-10 15:19:46:1946 [35mhttp[39m: [35mServer listening on port 3000[39m
2023-01-10 15:19:47:1947 [32minfo[39m: [32mdatabase connected[39m
2023-01-10 15:23:07:237 [35mhttp[39m: [35mServer listening on port 3000[39m
2023-01-10 15:23:08:238 [32minfo[39m: [32mdatabase connected[39m
2023-01-10 19:45:10:4510 [35mhttp[39m: [35mServer listening on port 3000[39m
2023-01-10 19:45:12:4512 [32minfo[39m: [32mdatabase connected[39m
2023-01-10 19:47:00:470 [35mhttp[39m: [35mServer listening on port 3000[39m
2023-01-10 19:47:20:4720 [35mhttp[39m: [35mServer listening on port 3000[39m
2023-01-10 19:47:22:4722 [32minfo[39m: [32mdatabase connected[39m
2023-01-10 19:49:48:4948 [35mhttp[39m: [35mServer listening on port 3000[39m
2023-01-10 19:50:04:504 [35mhttp[39m: [35mServer listening on port 3000[39m
2023-01-10 19:50:05:505 [32minfo[39m: [32mdatabase connected[39m
2023-01-10 19:51:14:5114 [35mhttp[39m: [35mServer listening on port 3000[39m
2023-01-10 19:51:15:5115 [32minfo[39m: [32mdatabase connected[39m
2023-01-10 19:51:40:5140 [35mhttp[39m: [35mServer listening on port 3000[39m
2023-01-10 19:51:41:5141 [32minfo[39m: [32mdatabase connected[39m
2023-01-10 19:52:44:5244 [35mhttp[39m: [35mServer listening on port 3000[39m
2023-01-10 19:52:45:5245 [32minfo[39m: [32mdatabase connected[39m
2023-01-10 19:53:40:5340 [35mhttp[39m: [35mServer listening on port 3000[39m
2023-01-10 19:53:41:5341 [32minfo[39m: [32mdatabase connected[39m
2023-01-10 19:55:24:5524 [35mhttp[39m: [35mServer listening on port 3000[39m
2023-01-10 19:55:25:5525 [32minfo[39m: [32mdatabase connected[39m
2023-01-10 20:03:19:319 [35mhttp[39m: [35mServer listening on port 3000[39m
2023-01-10 20:03:21:321 [32minfo[39m: [32mdatabase connected[39m
2023-01-10 20:03:36:336 [35mhttp[39m: [35mServer listening on port 3000[39m
2023-01-10 20:03:37:337 [32minfo[39m: [32mdatabase connected[39m
2023-01-10 20:05:19:519 [35mhttp[39m: [35mServer listening on port 3000[39m
2023-01-10 20:05:21:521 [32minfo[39m: [32mdatabase connected[39m
2023-01-10 20:06:19:619 [35mhttp[39m: [35mServer listening on port 3000[39m
2023-01-10 20:06:21:621 [32minfo[39m: [32mdatabase connected[39m
2023-01-10 20:06:35:635 [35mhttp[39m: [35mServer listening on port 3000[39m
2023-01-10 20:06:36:636 [32minfo[39m: [32mdatabase connected[39m
2023-01-10 20:08:44:844 [35mhttp[39m: [35mServer listening on port 3000[39m
2023-01-10 20:08:45:845 [32minfo[39m: [32mdatabase connected[39m
2023-01-10 20:09:05:95 [35mhttp[39m: [35mServer listening on port 3000[39m
2023-01-10 20:09:08:98 [32minfo[39m: [32mdatabase connected[39m
2023-01-10 20:09:31:931 [35mhttp[39m: [35mServer listening on port 3000[39m
2023-01-10 20:09:32:932 [32minfo[39m: [32mdatabase connected[39m
2023-01-10 20:11:29:1129 [35mhttp[39m: [35mServer listening on port 3000[39m
2023-01-10 20:11:30:1130 [32minfo[39m: [32mdatabase connected[39m
2023-01-10 20:11:55:1155 [35mhttp[39m: [35mServer listening on port 3000[39m
2023-01-10 20:11:56:1156 [32minfo[39m: [32mdatabase connected[39m
2023-01-10 20:13:08:138 [35mhttp[39m: [35mServer listening on port 3000[39m
2023-01-10 20:13:10:1310 [32minfo[39m: [32mdatabase connected[39m
2023-01-10 20:13:42:1342 [35mhttp[39m: [35mServer listening on port 3000[39m
2023-01-10 20:13:43:1343 [32minfo[39m: [32mdatabase connected[39m
2023-01-10 20:18:22:1822 [35mhttp[39m: [35mServer listening on port 3000[39m
2023-01-10 20:18:27:1827 [32minfo[39m: [32mdatabase connected[39m
2023-01-10 20:20:21:2021 [35mhttp[39m: [35mServer listening on port 3000[39m
2023-01-10 20:20:22:2022 [32minfo[39m: [32mdatabase connected[39m
2023-01-10 20:20:49:2049 [35mhttp[39m: [35mServer listening on port 3000[39m
2023-01-10 20:20:50:2050 [32minfo[39m: [32mdatabase connected[39m
2023-01-10 20:22:32:2232 [35mhttp[39m: [35mServer listening on port 3000[39m
2023-01-10 20:22:33:2233 [32minfo[39m: [32mdatabase connected[39m
2023-01-10 20:23:19:2319 [35mhttp[39m: [35mServer listening on port 3000[39m
2023-01-10 20:23:20:2320 [32minfo[39m: [32mdatabase connected[39m
2023-01-10 20:23:51:2351 [35mhttp[39m: [35mServer listening on port 3000[39m
2023-01-10 20:23:53:2353 [32minfo[39m: [32mdatabase connected[39m
2023-01-10 20:24:20:2420 [35mhttp[39m: [35mServer listening on port 3000[39m
2023-01-10 20:24:21:2421 [32minfo[39m: [32mdatabase connected[39m
2023-01-10 20:24:46:2446 [35mhttp[39m: [35mServer listening on port 3000[39m
2023-01-10 20:24:47:2447 [32minfo[39m: [32mdatabase connected[39m
2023-01-10 20:25:01:251 [35mhttp[39m: [35mServer listening on port 3000[39m
2023-01-10 20:25:02:252 [32minfo[39m: [32mdatabase connected[39m
2023-01-10 20:26:03:263 [35mhttp[39m: [35mServer listening on port 3000[39m
2023-01-10 20:26:04:264 [32minfo[39m: [32mdatabase connected[39m
2023-01-10 20:27:40:2740 [35mhttp[39m: [35mServer listening on port 3000[39m
2023-01-10 20:27:41:2741 [32minfo[39m: [32mdatabase connected[39m
2023-01-10 20:28:40:2840 [35mhttp[39m: [35mServer listening on port 3000[39m
2023-01-10 20:28:41:2841 [32minfo[39m: [32mdatabase connected[39m
2023-01-10 20:30:43:3043 [35mhttp[39m: [35mServer listening on port 3000[39m
2023-01-10 20:30:45:3045 [32minfo[39m: [32mdatabase connected[39m
2023-01-10 20:47:03:473 [35mhttp[39m: [35mServer listening on port 3000[39m
2023-01-10 20:47:06:476 [32minfo[39m: [32mdatabase connected[39m
2023-01-10 20:51:54:5154 [35mhttp[39m: [35mServer listening on port 3000[39m
2023-01-10 20:51:55:5155 [32minfo[39m: [32mdatabase connected[39m
2023-01-10 20:52:33:5233 [35mhttp[39m: [35mServer listening on port 3000[39m
2023-01-10 20:52:34:5234 [32minfo[39m: [32mdatabase connected[39m
2023-01-10 20:52:59:5259 [35mhttp[39m: [35mServer listening on port 3000[39m
2023-01-10 20:53:00:530 [32minfo[39m: [32mdatabase connected[39m
2023-01-10 20:53:19:5319 [35mhttp[39m: [35mServer listening on port 3000[39m
2023-01-10 20:53:20:5320 [32minfo[39m: [32mdatabase connected[39m
2023-01-10 20:53:40:5340 [35mhttp[39m: [35mServer listening on port 3000[39m
2023-01-10 20:53:41:5341 [32minfo[39m: [32mdatabase connected[39m
2023-01-10 20:54:15:5415 [35mhttp[39m: [35mServer listening on port 3000[39m
2023-01-10 20:54:16:5416 [32minfo[39m: [32mdatabase connected[39m
2023-01-10 20:55:40:5540 [35mhttp[39m: [35mServer listening on port 3000[39m
2023-01-10 20:55:40:5540 [32minfo[39m: [32mdatabase connected[39m
2023-01-10 20:56:20:5620 [35mhttp[39m: [35mServer listening on port 3000[39m
2023-01-10 20:56:36:5636 [35mhttp[39m: [35mServer listening on port 3000[39m
2023-01-10 20:56:38:5638 [32minfo[39m: [32mdatabase connected[39m
2023-01-10 21:09:14:914 [35mhttp[39m: [35mServer listening on port 3000[39m
2023-01-10 21:09:16:916 [32minfo[39m: [32mdatabase connected[39m
2023-01-10 21:11:10:1110 [35mhttp[39m: [35mServer listening on port 3000[39m
2023-01-10 21:11:11:1111 [32minfo[39m: [32mdatabase connected[39m
2023-01-10 21:11:23:1123 [35mhttp[39m: [35mServer listening on port 3000[39m
2023-01-10 21:11:24:1124 [32minfo[39m: [32mdatabase connected[39m
2023-01-10 21:11:55:1155 [35mhttp[39m: [35mServer listening on port 3000[39m
2023-01-10 21:11:56:1156 [32minfo[39m: [32mdatabase connected[39m
2023-01-10 21:12:27:1227 [35mhttp[39m: [35mServer listening on port 3000[39m
2023-01-10 21:12:28:1228 [32minfo[39m: [32mdatabase connected[39m
2023-01-10 21:12:56:1256 [35mhttp[39m: [35mServer listening on port 3000[39m
2023-01-10 21:12:57:1257 [32minfo[39m: [32mdatabase connected[39m
2023-01-10 21:13:45:1345 [35mhttp[39m: [35mServer listening on port 3000[39m
2023-01-10 21:13:46:1346 [32minfo[39m: [32mdatabase connected[39m
2023-01-10 21:20:50:2050 [35mhttp[39m: [35mServer listening on port 3000[39m
2023-01-10 21:20:51:2051 [32minfo[39m: [32mdatabase connected[39m
2023-01-10 21:21:45:2145 [35mhttp[39m: [35mServer listening on port 3000[39m
2023-01-10 21:21:46:2146 [32minfo[39m: [32mdatabase connected[39m
2023-01-10 21:26:26:2626 [35mhttp[39m: [35mServer listening on port 3000[39m
2023-01-10 21:26:27:2627 [32minfo[39m: [32mdatabase connected[39m
2023-01-10 21:26:41:2641 [35mhttp[39m: [35mServer listening on port 3000[39m
2023-01-10 21:26:42:2642 [32minfo[39m: [32mdatabase connected[39m
2023-01-10 21:27:35:2735 [35mhttp[39m: [35mServer listening on port 3000[39m
2023-01-10 21:27:36:2736 [32minfo[39m: [32mdatabase connected[39m
2023-01-10 21:28:32:2832 [35mhttp[39m: [35mServer listening on port 3000[39m
2023-01-10 21:28:32:2832 [32minfo[39m: [32mdatabase connected[39m
2023-01-10 21:30:06:306 [35mhttp[39m: [35mServer listening on port 3000[39m
2023-01-10 21:30:07:307 [32minfo[39m: [32mdatabase connected[39m
2023-01-10 21:31:06:316 [35mhttp[39m: [35mServer listening on port 3000[39m
2023-01-10 21:31:07:317 [32minfo[39m: [32mdatabase connected[39m
2023-01-10 21:31:27:3127 [35mhttp[39m: [35mServer listening on port 3000[39m
2023-01-10 21:31:27:3127 [32minfo[39m: [32mdatabase connected[39m
2023-01-10 21:32:03:323 [35mhttp[39m: [35mServer listening on port 3000[39m
2023-01-10 21:32:33:3233 [35mhttp[39m: [35mServer listening on port 3000[39m
2023-01-10 21:32:34:3234 [32minfo[39m: [32mdatabase connected[39m
2023-01-10 21:34:01:341 [35mhttp[39m: [35mServer listening on port 3000[39m
2023-01-10 21:34:06:346 [32minfo[39m: [32mdatabase connected[39m
2023-01-10 21:35:07:357 [35mhttp[39m: [35mServer listening on port 3000[39m
2023-01-10 21:35:07:357 [32minfo[39m: [32mdatabase connected[39m
2023-01-10 21:35:37:3537 [35mhttp[39m: [35mServer listening on port 3000[39m
2023-01-10 21:35:38:3538 [32minfo[39m: [32mdatabase connected[39m
2023-01-10 21:36:45:3645 [35mhttp[39m: [35mServer listening on port 3000[39m
2023-01-10 21:36:46:3646 [32minfo[39m: [32mdatabase connected[39m
2023-01-10 21:38:46:3846 [35mhttp[39m: [35mServer listening on port 3000[39m
2023-01-10 21:38:47:3847 [32minfo[39m: [32mdatabase connected[39m
2023-01-10 21:40:07:407 [35mhttp[39m: [35mServer listening on port 3000[39m
2023-01-10 21:40:08:408 [32minfo[39m: [32mdatabase connected[39m
2023-01-10 21:44:23:4423 [35mhttp[39m: [35mServer listening on port 3000[39m
2023-01-10 21:44:53:4453 [31merror[39m: [31mMongodb :: connectedMongooseServerSelectionError: Could not connect to any servers in your MongoDB Atlas cluster. One common reason is that you're trying to access the database from an IP that isn't whitelisted. Make sure your current IP address is on your Atlas cluster's IP whitelist: https://docs.atlas.mongodb.com/security-whitelist/[39m
2023-01-10 21:45:56:4556 [35mhttp[39m: [35mServer listening on port 3000[39m
2023-01-10 21:46:26:4626 [31merror[39m: [31mMongodb :: connectedMongooseServerSelectionError: connect ETIMEDOUT 3.0.168.41:27017[39m
2023-01-10 21:46:52:4652 [35mhttp[39m: [35mServer listening on port 3000[39m
2023-01-10 21:47:22:4722 [31merror[39m: [31mMongodb :: connectedMongooseServerSelectionError: Could not connect to any servers in your MongoDB Atlas cluster. One common reason is that you're trying to access the database from an IP that isn't whitelisted. Make sure your current IP address is on your Atlas cluster's IP whitelist: https://docs.atlas.mongodb.com/security-whitelist/[39m
2023-01-11 19:02:36:236 [35mhttp[39m: [35mServer listening on port 3000[39m
2023-01-11 19:02:37:237 [32minfo[39m: [32mdatabase connected[39m
2023-01-11 19:04:57:457 [35mhttp[39m: [35mServer listening on port 3000[39m
2023-01-11 19:04:58:458 [32minfo[39m: [32mdatabase connected[39m
2023-01-11 19:06:15:615 [35mhttp[39m: [35mServer listening on port 3000[39m
2023-01-11 19:06:16:616 [32minfo[39m: [32mdatabase connected[39m
2023-01-11 19:08:45:845 [35mhttp[39m: [35mServer listening on port 3000[39m
2023-01-11 19:08:46:846 [32minfo[39m: [32mdatabase connected[39m
2023-01-11 19:09:06:96 [35mhttp[39m: [35mServer listening on port 3000[39m
2023-01-11 19:09:06:96 [32minfo[39m: [32mdatabase connected[39m
2023-01-11 19:09:57:957 [35mhttp[39m: [35mServer listening on port 3000[39m
2023-01-11 19:09:58:958 [32minfo[39m: [32mdatabase connected[39m
2023-01-11 19:10:33:1033 [35mhttp[39m: [35mServer listening on port 3000[39m
2023-01-11 19:10:34:1034 [32minfo[39m: [32mdatabase connected[39m
2023-01-11 19:11:28:1128 [35mhttp[39m: [35mServer listening on port 3000[39m
2023-01-11 19:11:29:1129 [32minfo[39m: [32mdatabase connected[39m
2023-01-11 19:12:55:1255 [35mhttp[39m: [35mServer listening on port 3000[39m
2023-01-11 19:12:56:1256 [32minfo[39m: [32mdatabase connected[39m
2023-01-11 19:13:15:1315 [35mhttp[39m: [35mServer listening on port 3000[39m
2023-01-11 19:13:16:1316 [32minfo[39m: [32mdatabase connected[39m
2023-01-11 19:13:30:1330 [35mhttp[39m: [35mServer listening on port 3000[39m
2023-01-11 19:13:31:1331 [32minfo[39m: [32mdatabase connected[39m
2023-01-11 19:13:53:1353 [35mhttp[39m: [35mServer listening on port 3000[39m
2023-01-11 19:14:05:145 [35mhttp[39m: [35mServer listening on port 3000[39m
2023-01-11 19:14:20:1420 [35mhttp[39m: [35mServer listening on port 3000[39m
2023-01-11 19:14:20:1420 [32minfo[39m: [32mdatabase connected[39m
2023-01-11 19:15:43:1543 [35mhttp[39m: [35mServer listening on port 3000[39m
2023-01-11 19:15:43:1543 [32minfo[39m: [32mdatabase connected[39m
2023-01-11 19:16:03:163 [35mhttp[39m: [35mServer listening on port 3000[39m
2023-01-11 19:16:30:1630 [35mhttp[39m: [35mServer listening on port 3000[39m
2023-01-11 19:16:31:1631 [32minfo[39m: [32mdatabase connected[39m
2023-01-11 19:17:28:1728 [35mhttp[39m: [35mServer listening on port 3000[39m
2023-01-11 19:17:28:1728 [32minfo[39m: [32mdatabase connected[39m
2023-01-11 19:17:45:1745 [35mhttp[39m: [35mServer listening on port 3000[39m
2023-01-11 19:17:46:1746 [32minfo[39m: [32mdatabase connected[39m
2023-01-11 19:18:23:1823 [35mhttp[39m: [35mServer listening on port 3000[39m
2023-01-11 19:18:24:1824 [32minfo[39m: [32mdatabase connected[39m
2023-01-11 19:53:27:5327 [32minfo[39m: [32mdatabase connected[39m
2023-01-11 20:03:10:310 [35mhttp[39m: [35mServer listening on port 3000[39m
2023-01-11 20:03:11:311 [32minfo[39m: [32mdatabase connected[39m
2023-01-11 20:06:32:632 [35mhttp[39m: [35mServer listening on port 3000[39m
2023-01-11 20:06:33:633 [32minfo[39m: [32mdatabase connected[39m
2023-01-11 20:07:51:751 [35mhttp[39m: [35mServer listening on port 3000[39m
2023-01-11 20:07:52:752 [32minfo[39m: [32mdatabase connected[39m
2023-01-11 20:10:06:106 [35mhttp[39m: [35mServer listening on port 3000[39m
2023-01-11 20:10:08:108 [32minfo[39m: [32mdatabase connected[39m
2023-01-11 20:11:20:1120 [35mhttp[39m: [35mServer listening on port 3000[39m
2023-01-11 20:11:21:1121 [32minfo[39m: [32mdatabase connected[39m
2023-01-11 20:12:26:1226 [35mhttp[39m: [35mServer listening on port 3000[39m
2023-01-11 20:12:28:1228 [32minfo[39m: [32mdatabase connected[39m
2023-01-11 20:16:28:1628 [35mhttp[39m: [35mServer listening on port 3000[39m
2023-01-11 20:16:41:1641 [35mhttp[39m: [35mServer listening on port 3000[39m
2023-01-11 20:16:43:1643 [32minfo[39m: [32mdatabase connected[39m
2023-01-11 20:20:17:2017 [35mhttp[39m: [35mServer listening on port 3000[39m
2023-01-11 20:20:17:2017 [32minfo[39m: [32mdatabase connected[39m
2023-01-11 20:20:55:2055 [35mhttp[39m: [35mServer listening on port 3000[39m
2023-01-11 20:20:56:2056 [32minfo[39m: [32mdatabase connected[39m
2023-01-11 20:22:01:221 [35mhttp[39m: [35mServer listening on port 3000[39m
2023-01-11 20:22:01:221 [32minfo[39m: [32mdatabase connected[39m
2023-01-11 20:22:43:2243 [35mhttp[39m: [35mServer listening on port 3000[39m
2023-01-11 20:22:43:2243 [32minfo[39m: [32mdatabase connected[39m
2023-01-11 20:23:09:239 [35mhttp[39m: [35mServer listening on port 3000[39m
2023-01-11 20:23:10:2310 [32minfo[39m: [32mdatabase connected[39m
2023-01-11 20:26:15:2615 [35mhttp[39m: [35mServer listening on port 3000[39m
2023-01-11 20:26:48:2648 [35mhttp[39m: [35mServer listening on port 3000[39m
2023-01-11 20:26:50:2650 [32minfo[39m: [32mdatabase connected[39m
2023-01-11 20:27:36:2736 [35mhttp[39m: [35mServer listening on port 3000[39m
2023-01-11 20:27:37:2737 [32minfo[39m: [32mdatabase connected[39m
2023-01-11 20:50:21:5021 [35mhttp[39m: [35mServer listening on port 3000[39m
2023-01-11 20:50:22:5022 [32minfo[39m: [32mdatabase connected[39m
2023-01-11 20:50:38:5038 [35mhttp[39m: [35mServer listening on port 3000[39m
2023-01-11 20:50:39:5039 [32minfo[39m: [32mdatabase connected[39m
2023-01-11 20:51:51:5151 [35mhttp[39m: [35mServer listening on port 3000[39m
2023-01-11 20:51:51:5151 [32minfo[39m: [32mdatabase connected[39m
2023-01-11 20:53:56:5356 [35mhttp[39m: [35mServer listening on port 3000[39m
2023-01-11 20:53:57:5357 [32minfo[39m: [32mdatabase connected[39m
2023-01-11 20:55:15:5515 [35mhttp[39m: [35mServer listening on port 3000[39m
2023-01-11 20:55:15:5515 [32minfo[39m: [32mdatabase connected[39m
2023-01-11 20:58:35:5835 [35mhttp[39m: [35mServer listening on port 3000[39m
2023-01-11 20:58:36:5836 [32minfo[39m: [32mdatabase connected[39m
2023-01-11 21:00:04:04 [35mhttp[39m: [35mServer listening on port 3000[39m
2023-01-11 21:00:04:04 [32minfo[39m: [32mdatabase connected[39m
2023-01-11 21:02:13:213 [35mhttp[39m: [35mServer listening on port 3000[39m
2023-01-11 21:02:14:214 [32minfo[39m: [32mdatabase connected[39m
2023-01-11 21:02:29:229 [35mhttp[39m: [35mServer listening on port 3000[39m
2023-01-11 21:02:30:230 [32minfo[39m: [32mdatabase connected[39m
2023-01-11 21:14:51:1451 [35mhttp[39m: [35mServer listening on port 3000[39m
2023-01-11 21:14:52:1452 [32minfo[39m: [32mdatabase connected[39m
2023-01-11 21:45:39:4539 [32minfo[39m: [32mdatabase connected[39m
2023-03-28 08:54:08:548 [35mhttp[39m: [35mServer listening on port 3000[39m
2023-03-28 08:54:09:549 [32minfo[39m: [32mdatabase connected[39m
2023-03-28 08:59:43:5943 [35mhttp[39m: [35mServer listening on port 3000[39m
2023-03-28 08:59:44:5944 [32minfo[39m: [32mdatabase connected[39m
